{"numTotalTestSuites":46,"numPassedTestSuites":41,"numFailedTestSuites":5,"numPendingTestSuites":0,"numTotalTests":103,"numPassedTests":103,"numFailedTests":0,"numPendingTests":103,"numTodoTests":0,"startTime":1751573074274,"success":false,"testResults":[{"assertionResults":[],"startTime":1751573074274,"endTime":1751573074274,"status":"failed","message":"Erros de configuração:\nVITE_SUPABASE_ANON_KEY parece ser inválida","name":"C:/Users/LUAN MACHADO/Documents/DEV/APLICATIVO ESCOLA MUSICA/smartclass-dashboard-hub/src/tests/example.test.ts"},{"assertionResults":[{"ancestorTitles":["","Sistema de Roteamento"],"fullName":" Sistema de Roteamento deve renderizar a página inicial na rota /","status":"pending","title":"deve renderizar a página inicial na rota /","duration":0,"failureMessages":[]},{"ancestorTitles":["","Sistema de Roteamento"],"fullName":" Sistema de Roteamento deve redirecionar /login para /auth","status":"pending","title":"deve redirecionar /login para /auth","duration":0,"failureMessages":[]},{"ancestorTitles":["","Sistema de Roteamento"],"fullName":" Sistema de Roteamento deve redirecionar /register para /auth","status":"pending","title":"deve redirecionar /register para /auth","duration":0,"failureMessages":[]},{"ancestorTitles":["","Sistema de Roteamento"],"fullName":" Sistema de Roteamento deve renderizar a página de autenticação na rota /auth","status":"pending","title":"deve renderizar a página de autenticação na rota /auth","duration":0,"failureMessages":[]},{"ancestorTitles":["","Sistema de Roteamento"],"fullName":" Sistema de Roteamento deve renderizar o dashboard na rota /dashboard","status":"pending","title":"deve renderizar o dashboard na rota /dashboard","duration":0,"failureMessages":[]},{"ancestorTitles":["","Sistema de Roteamento"],"fullName":" Sistema de Roteamento deve renderizar a página de alunos na rota /alunos","status":"pending","title":"deve renderizar a página de alunos na rota /alunos","duration":0,"failureMessages":[]},{"ancestorTitles":["","Sistema de Roteamento"],"fullName":" Sistema de Roteamento deve renderizar a página de professores na rota /professores","status":"pending","title":"deve renderizar a página de professores na rota /professores","duration":0,"failureMessages":[]},{"ancestorTitles":["","Sistema de Roteamento"],"fullName":" Sistema de Roteamento deve renderizar a página de turmas na rota /turmas","status":"pending","title":"deve renderizar a página de turmas na rota /turmas","duration":0,"failureMessages":[]},{"ancestorTitles":["","Sistema de Roteamento"],"fullName":" Sistema de Roteamento deve renderizar a página de cursos na rota /cursos","status":"pending","title":"deve renderizar a página de cursos na rota /cursos","duration":0,"failureMessages":[]},{"ancestorTitles":["","Sistema de Roteamento"],"fullName":" Sistema de Roteamento deve renderizar a página financeira na rota /financeiro","status":"pending","title":"deve renderizar a página financeira na rota /financeiro","duration":0,"failureMessages":[]},{"ancestorTitles":["","Sistema de Roteamento"],"fullName":" Sistema de Roteamento deve renderizar a página de comunicação na rota /comunicacao","status":"pending","title":"deve renderizar a página de comunicação na rota /comunicacao","duration":0,"failureMessages":[]},{"ancestorTitles":["","Sistema de Roteamento"],"fullName":" Sistema de Roteamento deve renderizar a página de relatórios na rota /relatorios","status":"pending","title":"deve renderizar a página de relatórios na rota /relatorios","duration":0,"failureMessages":[]},{"ancestorTitles":["","Sistema de Roteamento"],"fullName":" Sistema de Roteamento deve renderizar a página de perfil na rota /profile","status":"pending","title":"deve renderizar a página de perfil na rota /profile","duration":0,"failureMessages":[]},{"ancestorTitles":["","Sistema de Roteamento"],"fullName":" Sistema de Roteamento deve renderizar a página 404 para rotas inexistentes","status":"pending","title":"deve renderizar a página 404 para rotas inexistentes","duration":0,"failureMessages":[]},{"ancestorTitles":["","Sistema de Roteamento"],"fullName":" Sistema de Roteamento deve sugerir rotas similares na página 404","status":"pending","title":"deve sugerir rotas similares na página 404","duration":0,"failureMessages":[]}],"startTime":1751573077189,"endTime":1751573077189,"status":"passed","message":"","name":"C:/Users/LUAN MACHADO/Documents/DEV/APLICATIVO ESCOLA MUSICA/smartclass-dashboard-hub/src/tests/routing.test.tsx"},{"assertionResults":[],"startTime":1751573074274,"endTime":1751573074274,"status":"failed","message":"Playwright Test did not expect test.describe() to be called here.\nMost common reasons include:\n- You are calling test.describe() in a configuration file.\n- You are calling test.describe() in a file that is imported by the configuration file.\n- You have two different versions of @playwright/test. This usually happens\n  when one of the dependencies in your package.json depends on @playwright/test.","name":"C:/Users/LUAN MACHADO/Documents/DEV/APLICATIVO ESCOLA MUSICA/smartclass-dashboard-hub/src/tests/e2e/auth.spec.ts"},{"assertionResults":[],"startTime":1751573074274,"endTime":1751573074274,"status":"failed","message":"Playwright Test did not expect test.describe() to be called here.\nMost common reasons include:\n- You are calling test.describe() in a configuration file.\n- You are calling test.describe() in a file that is imported by the configuration file.\n- You have two different versions of @playwright/test. This usually happens\n  when one of the dependencies in your package.json depends on @playwright/test.","name":"C:/Users/LUAN MACHADO/Documents/DEV/APLICATIVO ESCOLA MUSICA/smartclass-dashboard-hub/src/tests/e2e/dashboard.spec.ts"},{"assertionResults":[],"startTime":1751573074274,"endTime":1751573074274,"status":"failed","message":"Transform failed with 1 error:\nC:/Users/LUAN MACHADO/Documents/DEV/APLICATIVO ESCOLA MUSICA/smartclass-dashboard-hub/src/tests/integration/auth.integration.test.ts:56:27: ERROR: Expected \">\" but found \"client\"","name":"C:/Users/LUAN MACHADO/Documents/DEV/APLICATIVO ESCOLA MUSICA/smartclass-dashboard-hub/src/tests/integration/auth.integration.test.ts"},{"assertionResults":[],"startTime":1751573074274,"endTime":1751573074274,"status":"failed","message":"Erros de configuração:\nVITE_SUPABASE_ANON_KEY parece ser inválida","name":"C:/Users/LUAN MACHADO/Documents/DEV/APLICATIVO ESCOLA MUSICA/smartclass-dashboard-hub/src/tests/integration/rls.test.ts"},{"assertionResults":[{"ancestorTitles":["","Enhanced Feedback Components","LoadingSpinner"],"fullName":" Enhanced Feedback Components LoadingSpinner deve renderizar spinner básico","status":"pending","title":"deve renderizar spinner básico","duration":0,"failureMessages":[]},{"ancestorTitles":["","Enhanced Feedback Components","LoadingSpinner"],"fullName":" Enhanced Feedback Components LoadingSpinner deve renderizar com texto customizado","status":"pending","title":"deve renderizar com texto customizado","duration":0,"failureMessages":[]},{"ancestorTitles":["","Enhanced Feedback Components","LoadingSpinner"],"fullName":" Enhanced Feedback Components LoadingSpinner deve renderizar em tamanho pequeno","status":"pending","title":"deve renderizar em tamanho pequeno","duration":0,"failureMessages":[]},{"ancestorTitles":["","Enhanced Feedback Components","LoadingSpinner"],"fullName":" Enhanced Feedback Components LoadingSpinner deve renderizar em tamanho grande","status":"pending","title":"deve renderizar em tamanho grande","duration":0,"failureMessages":[]},{"ancestorTitles":["","Enhanced Feedback Components","LoadingSpinner"],"fullName":" Enhanced Feedback Components LoadingSpinner deve renderizar com overlay","status":"pending","title":"deve renderizar com overlay","duration":0,"failureMessages":[]},{"ancestorTitles":["","Enhanced Feedback Components","SuccessMessage"],"fullName":" Enhanced Feedback Components SuccessMessage deve renderizar mensagem de sucesso","status":"pending","title":"deve renderizar mensagem de sucesso","duration":0,"failureMessages":[]},{"ancestorTitles":["","Enhanced Feedback Components","SuccessMessage"],"fullName":" Enhanced Feedback Components SuccessMessage deve renderizar com título","status":"pending","title":"deve renderizar com título","duration":0,"failureMessages":[]},{"ancestorTitles":["","Enhanced Feedback Components","SuccessMessage"],"fullName":" Enhanced Feedback Components SuccessMessage deve chamar onClose quando botão for clicado","status":"pending","title":"deve chamar onClose quando botão for clicado","duration":0,"failureMessages":[]},{"ancestorTitles":["","Enhanced Feedback Components","ErrorMessage"],"fullName":" Enhanced Feedback Components ErrorMessage deve renderizar mensagem de erro","status":"pending","title":"deve renderizar mensagem de erro","duration":0,"failureMessages":[]},{"ancestorTitles":["","Enhanced Feedback Components","ErrorMessage"],"fullName":" Enhanced Feedback Components ErrorMessage deve renderizar com detalhes do erro","status":"pending","title":"deve renderizar com detalhes do erro","duration":0,"failureMessages":[]},{"ancestorTitles":["","Enhanced Feedback Components","ErrorMessage"],"fullName":" Enhanced Feedback Components ErrorMessage deve renderizar botão de retry","status":"pending","title":"deve renderizar botão de retry","duration":0,"failureMessages":[]},{"ancestorTitles":["","Enhanced Feedback Components","WarningMessage"],"fullName":" Enhanced Feedback Components WarningMessage deve renderizar mensagem de aviso","status":"pending","title":"deve renderizar mensagem de aviso","duration":0,"failureMessages":[]},{"ancestorTitles":["","Enhanced Feedback Components","InfoMessage"],"fullName":" Enhanced Feedback Components InfoMessage deve renderizar mensagem informativa","status":"pending","title":"deve renderizar mensagem informativa","duration":0,"failureMessages":[]},{"ancestorTitles":["","Enhanced Feedback Components","ConnectionStatus"],"fullName":" Enhanced Feedback Components ConnectionStatus deve renderizar status online","status":"pending","title":"deve renderizar status online","duration":0,"failureMessages":[]},{"ancestorTitles":["","Enhanced Feedback Components","ConnectionStatus"],"fullName":" Enhanced Feedback Components ConnectionStatus deve renderizar status offline","status":"pending","title":"deve renderizar status offline","duration":0,"failureMessages":[]},{"ancestorTitles":["","Enhanced Feedback Components","ConnectionStatus"],"fullName":" Enhanced Feedback Components ConnectionStatus deve renderizar com última sincronização","status":"pending","title":"deve renderizar com última sincronização","duration":0,"failureMessages":[]},{"ancestorTitles":["","Enhanced Feedback Components","FormFeedback"],"fullName":" Enhanced Feedback Components FormFeedback deve renderizar feedback de sucesso","status":"pending","title":"deve renderizar feedback de sucesso","duration":0,"failureMessages":[]},{"ancestorTitles":["","Enhanced Feedback Components","FormFeedback"],"fullName":" Enhanced Feedback Components FormFeedback deve renderizar feedback de erro","status":"pending","title":"deve renderizar feedback de erro","duration":0,"failureMessages":[]},{"ancestorTitles":["","Enhanced Feedback Components","FormFeedback"],"fullName":" Enhanced Feedback Components FormFeedback deve renderizar lista de erros","status":"pending","title":"deve renderizar lista de erros","duration":0,"failureMessages":[]},{"ancestorTitles":["","Enhanced Feedback Components","EmptyState"],"fullName":" Enhanced Feedback Components EmptyState deve renderizar estado vazio básico","status":"pending","title":"deve renderizar estado vazio básico","duration":0,"failureMessages":[]},{"ancestorTitles":["","Enhanced Feedback Components","EmptyState"],"fullName":" Enhanced Feedback Components EmptyState deve renderizar com ação","status":"pending","title":"deve renderizar com ação","duration":0,"failureMessages":[]},{"ancestorTitles":["","Enhanced Feedback Components","EmptyState"],"fullName":" Enhanced Feedback Components EmptyState deve renderizar ícone customizado","status":"pending","title":"deve renderizar ícone customizado","duration":0,"failureMessages":[]},{"ancestorTitles":["","Enhanced Feedback Components","SkeletonLoader"],"fullName":" Enhanced Feedback Components SkeletonLoader deve renderizar skeleton básico","status":"pending","title":"deve renderizar skeleton básico","duration":0,"failureMessages":[]},{"ancestorTitles":["","Enhanced Feedback Components","SkeletonLoader"],"fullName":" Enhanced Feedback Components SkeletonLoader deve renderizar múltiplas linhas","status":"pending","title":"deve renderizar múltiplas linhas","duration":0,"failureMessages":[]},{"ancestorTitles":["","Enhanced Feedback Components","SkeletonLoader"],"fullName":" Enhanced Feedback Components SkeletonLoader deve renderizar com altura customizada","status":"pending","title":"deve renderizar com altura customizada","duration":0,"failureMessages":[]},{"ancestorTitles":["","Enhanced Feedback Components","SkeletonLoader"],"fullName":" Enhanced Feedback Components SkeletonLoader deve renderizar skeleton de avatar","status":"pending","title":"deve renderizar skeleton de avatar","duration":0,"failureMessages":[]},{"ancestorTitles":["","Enhanced Feedback Components","SkeletonLoader"],"fullName":" Enhanced Feedback Components SkeletonLoader deve renderizar skeleton de card","status":"pending","title":"deve renderizar skeleton de card","duration":0,"failureMessages":[]},{"ancestorTitles":["","useOperationFeedback Hook"],"fullName":" useOperationFeedback Hook deve iniciar com status idle","status":"pending","title":"deve iniciar com status idle","duration":0,"failureMessages":[]},{"ancestorTitles":["","useOperationFeedback Hook"],"fullName":" useOperationFeedback Hook deve executar operação com sucesso","status":"pending","title":"deve executar operação com sucesso","duration":0,"failureMessages":[]},{"ancestorTitles":["","useOperationFeedback Hook"],"fullName":" useOperationFeedback Hook deve lidar com erro","status":"pending","title":"deve lidar com erro","duration":0,"failureMessages":[]},{"ancestorTitles":["","useOperationFeedback Hook"],"fullName":" useOperationFeedback Hook deve resetar estado","status":"pending","title":"deve resetar estado","duration":0,"failureMessages":[]},{"ancestorTitles":["","MetricsDashboard Component"],"fullName":" MetricsDashboard Component deve renderizar dashboard de métricas","status":"pending","title":"deve renderizar dashboard de métricas","duration":0,"failureMessages":[]},{"ancestorTitles":["","MetricsDashboard Component"],"fullName":" MetricsDashboard Component deve alternar entre abas","status":"pending","title":"deve alternar entre abas","duration":0,"failureMessages":[]},{"ancestorTitles":["","MetricsDashboard Component"],"fullName":" MetricsDashboard Component deve exibir métricas de usuários","status":"pending","title":"deve exibir métricas de usuários","duration":0,"failureMessages":[]},{"ancestorTitles":["","MetricsDashboard Component"],"fullName":" MetricsDashboard Component deve exibir métricas de escolas","status":"pending","title":"deve exibir métricas de escolas","duration":0,"failureMessages":[]},{"ancestorTitles":["","MetricsDashboard Component"],"fullName":" MetricsDashboard Component deve exibir status de saúde do sistema","status":"pending","title":"deve exibir status de saúde do sistema","duration":0,"failureMessages":[]},{"ancestorTitles":["","MetricsDashboard Component"],"fullName":" MetricsDashboard Component deve atualizar métricas automaticamente","status":"pending","title":"deve atualizar métricas automaticamente","duration":0,"failureMessages":[]},{"ancestorTitles":["","MetricsDashboard Component"],"fullName":" MetricsDashboard Component deve lidar com erro no carregamento","status":"pending","title":"deve lidar com erro no carregamento","duration":0,"failureMessages":[]},{"ancestorTitles":["","MetricsDashboard Component"],"fullName":" MetricsDashboard Component deve exibir estado de carregamento","status":"pending","title":"deve exibir estado de carregamento","duration":0,"failureMessages":[]},{"ancestorTitles":["","Accessibility Tests"],"fullName":" Accessibility Tests componentes devem ter roles apropriados","status":"pending","title":"componentes devem ter roles apropriados","duration":0,"failureMessages":[]},{"ancestorTitles":["","Accessibility Tests"],"fullName":" Accessibility Tests botões devem ser acessíveis via teclado","status":"pending","title":"botões devem ser acessíveis via teclado","duration":0,"failureMessages":[]},{"ancestorTitles":["","Accessibility Tests"],"fullName":" Accessibility Tests mensagens devem ter aria-labels apropriados","status":"pending","title":"mensagens devem ter aria-labels apropriados","duration":0,"failureMessages":[]},{"ancestorTitles":["","Responsive Tests"],"fullName":" Responsive Tests componentes devem se adaptar a diferentes tamanhos","status":"pending","title":"componentes devem se adaptar a diferentes tamanhos","duration":0,"failureMessages":[]},{"ancestorTitles":["","Responsive Tests"],"fullName":" Responsive Tests dashboard deve ser responsivo","status":"pending","title":"dashboard deve ser responsivo","duration":0,"failureMessages":[]}],"startTime":1751573075562,"endTime":1751573075563,"status":"passed","message":"","name":"C:/Users/LUAN MACHADO/Documents/DEV/APLICATIVO ESCOLA MUSICA/smartclass-dashboard-hub/src/tests/unit/components.test.tsx"},{"assertionResults":[{"ancestorTitles":["","useSmartQuery Hook"],"fullName":" useSmartQuery Hook deve executar query com configuração estática","status":"pending","title":"deve executar query com configuração estática","duration":0,"failureMessages":[]},{"ancestorTitles":["","useSmartQuery Hook"],"fullName":" useSmartQuery Hook deve executar query com configuração dinâmica","status":"pending","title":"deve executar query com configuração dinâmica","duration":0,"failureMessages":[]},{"ancestorTitles":["","useSmartQuery Hook"],"fullName":" useSmartQuery Hook deve executar query com configuração em tempo real","status":"pending","title":"deve executar query com configuração em tempo real","duration":0,"failureMessages":[]},{"ancestorTitles":["","useSmartQuery Hook"],"fullName":" useSmartQuery Hook deve executar query com configuração crítica","status":"pending","title":"deve executar query com configuração crítica","duration":0,"failureMessages":[]},{"ancestorTitles":["","useSmartQuery Hook"],"fullName":" useSmartQuery Hook deve lidar com erros corretamente","status":"pending","title":"deve lidar com erros corretamente","duration":0,"failureMessages":[]},{"ancestorTitles":["","useSmartQuery Hook"],"fullName":" useSmartQuery Hook deve aplicar configurações customizadas","status":"pending","title":"deve aplicar configurações customizadas","duration":0,"failureMessages":[]},{"ancestorTitles":["","useSmartMutation Hook"],"fullName":" useSmartMutation Hook deve executar mutação com sucesso","status":"pending","title":"deve executar mutação com sucesso","duration":0,"failureMessages":[]},{"ancestorTitles":["","useSmartMutation Hook"],"fullName":" useSmartMutation Hook deve lidar com erros de mutação","status":"pending","title":"deve lidar com erros de mutação","duration":0,"failureMessages":[]},{"ancestorTitles":["","useSmartMutation Hook"],"fullName":" useSmartMutation Hook deve executar callbacks de sucesso e erro","status":"pending","title":"deve executar callbacks de sucesso e erro","duration":0,"failureMessages":[]},{"ancestorTitles":["","useSupabaseQuery Hook"],"fullName":" useSupabaseQuery Hook deve executar query do Supabase corretamente","status":"pending","title":"deve executar query do Supabase corretamente","duration":0,"failureMessages":[]},{"ancestorTitles":["","useSupabaseQuery Hook"],"fullName":" useSupabaseQuery Hook deve aplicar filtros corretamente","status":"pending","title":"deve aplicar filtros corretamente","duration":0,"failureMessages":[]},{"ancestorTitles":["","useSupabaseQuery Hook"],"fullName":" useSupabaseQuery Hook deve lidar com erros do Supabase","status":"pending","title":"deve lidar com erros do Supabase","duration":0,"failureMessages":[]},{"ancestorTitles":["","useSupabaseMutation Hook"],"fullName":" useSupabaseMutation Hook deve executar insert corretamente","status":"pending","title":"deve executar insert corretamente","duration":0,"failureMessages":[]},{"ancestorTitles":["","useSupabaseMutation Hook"],"fullName":" useSupabaseMutation Hook deve executar update corretamente","status":"pending","title":"deve executar update corretamente","duration":0,"failureMessages":[]},{"ancestorTitles":["","useSupabaseMutation Hook"],"fullName":" useSupabaseMutation Hook deve executar delete corretamente","status":"pending","title":"deve executar delete corretamente","duration":0,"failureMessages":[]},{"ancestorTitles":["","usePrefetchQuery Hook"],"fullName":" usePrefetchQuery Hook deve prefetch query corretamente","status":"pending","title":"deve prefetch query corretamente","duration":0,"failureMessages":[]},{"ancestorTitles":["","useInvalidateQueries Hook"],"fullName":" useInvalidateQueries Hook deve invalidar queries corretamente","status":"pending","title":"deve invalidar queries corretamente","duration":0,"failureMessages":[]},{"ancestorTitles":["","useInvalidateQueries Hook"],"fullName":" useInvalidateQueries Hook deve invalidar todas as queries","status":"pending","title":"deve invalidar todas as queries","duration":0,"failureMessages":[]},{"ancestorTitles":["","useCacheMetrics Hook"],"fullName":" useCacheMetrics Hook deve retornar métricas de cache","status":"pending","title":"deve retornar métricas de cache","duration":0,"failureMessages":[]},{"ancestorTitles":["","useCacheMetrics Hook"],"fullName":" useCacheMetrics Hook deve limpar métricas","status":"pending","title":"deve limpar métricas","duration":0,"failureMessages":[]},{"ancestorTitles":["","Hooks Integration"],"fullName":" Hooks Integration deve usar múltiplos hooks juntos","status":"pending","title":"deve usar múltiplos hooks juntos","duration":0,"failureMessages":[]}],"startTime":1751573075635,"endTime":1751573075635,"status":"passed","message":"","name":"C:/Users/LUAN MACHADO/Documents/DEV/APLICATIVO ESCOLA MUSICA/smartclass-dashboard-hub/src/tests/unit/hooks.test.tsx"},{"assertionResults":[{"ancestorTitles":["","MetricsService","getUserMetrics"],"fullName":" MetricsService getUserMetrics deve retornar métricas de usuário corretamente","status":"pending","title":"deve retornar métricas de usuário corretamente","duration":0,"failureMessages":[]},{"ancestorTitles":["","MetricsService","getUserMetrics"],"fullName":" MetricsService getUserMetrics deve lidar com erros do Supabase","status":"pending","title":"deve lidar com erros do Supabase","duration":0,"failureMessages":[]},{"ancestorTitles":["","MetricsService","getUserMetrics"],"fullName":" MetricsService getUserMetrics deve usar cache quando disponível","status":"pending","title":"deve usar cache quando disponível","duration":0,"failureMessages":[]},{"ancestorTitles":["","MetricsService","getSchoolMetrics"],"fullName":" MetricsService getSchoolMetrics deve retornar métricas de escola corretamente","status":"pending","title":"deve retornar métricas de escola corretamente","duration":0,"failureMessages":[]},{"ancestorTitles":["","MetricsService","getEngagementMetrics"],"fullName":" MetricsService getEngagementMetrics deve retornar métricas de engajamento corretamente","status":"pending","title":"deve retornar métricas de engajamento corretamente","duration":0,"failureMessages":[]},{"ancestorTitles":["","MetricsService","getBusinessMetrics"],"fullName":" MetricsService getBusinessMetrics deve retornar métricas de negócio corretamente","status":"pending","title":"deve retornar métricas de negócio corretamente","duration":0,"failureMessages":[]},{"ancestorTitles":["","MetricsService","Cache Management"],"fullName":" MetricsService Cache Management deve limpar o cache corretamente","status":"pending","title":"deve limpar o cache corretamente","duration":0,"failureMessages":[]},{"ancestorTitles":["","MetricsService","Cache Management"],"fullName":" MetricsService Cache Management deve rastrear eventos customizados","status":"pending","title":"deve rastrear eventos customizados","duration":0,"failureMessages":[]},{"ancestorTitles":["","MetricsService","Cache Management"],"fullName":" MetricsService Cache Management deve retornar métricas em tempo real","status":"pending","title":"deve retornar métricas em tempo real","duration":0,"failureMessages":[]},{"ancestorTitles":["","HealthCheckService","checkDatabase"],"fullName":" HealthCheckService checkDatabase deve retornar status saudável quando database está funcionando","status":"pending","title":"deve retornar status saudável quando database está funcionando","duration":0,"failureMessages":[]},{"ancestorTitles":["","HealthCheckService","checkDatabase"],"fullName":" HealthCheckService checkDatabase deve retornar status não saudável quando database falha","status":"pending","title":"deve retornar status não saudável quando database falha","duration":0,"failureMessages":[]},{"ancestorTitles":["","HealthCheckService","checkDatabase"],"fullName":" HealthCheckService checkDatabase deve retornar status degradado quando database é lento","status":"pending","title":"deve retornar status degradado quando database é lento","duration":0,"failureMessages":[]},{"ancestorTitles":["","HealthCheckService","checkAuth"],"fullName":" HealthCheckService checkAuth deve retornar status saudável quando auth está funcionando","status":"pending","title":"deve retornar status saudável quando auth está funcionando","duration":0,"failureMessages":[]},{"ancestorTitles":["","HealthCheckService","checkAuth"],"fullName":" HealthCheckService checkAuth deve retornar status não saudável quando auth falha","status":"pending","title":"deve retornar status não saudável quando auth falha","duration":0,"failureMessages":[]},{"ancestorTitles":["","HealthCheckService","checkStorage"],"fullName":" HealthCheckService checkStorage deve retornar status saudável quando storage está funcionando","status":"pending","title":"deve retornar status saudável quando storage está funcionando","duration":0,"failureMessages":[]},{"ancestorTitles":["","HealthCheckService","checkStorage"],"fullName":" HealthCheckService checkStorage deve retornar status não saudável quando storage falha","status":"pending","title":"deve retornar status não saudável quando storage falha","duration":0,"failureMessages":[]},{"ancestorTitles":["","HealthCheckService","checkRealtime"],"fullName":" HealthCheckService checkRealtime deve retornar status saudável quando realtime está funcionando","status":"pending","title":"deve retornar status saudável quando realtime está funcionando","duration":0,"failureMessages":[]},{"ancestorTitles":["","HealthCheckService","getOverallHealth"],"fullName":" HealthCheckService getOverallHealth deve retornar status geral saudável quando todos os serviços estão ok","status":"pending","title":"deve retornar status geral saudável quando todos os serviços estão ok","duration":0,"failureMessages":[]},{"ancestorTitles":["","HealthCheckService","getOverallHealth"],"fullName":" HealthCheckService getOverallHealth deve retornar status degradado quando algum serviço está degradado","status":"pending","title":"deve retornar status degradado quando algum serviço está degradado","duration":0,"failureMessages":[]},{"ancestorTitles":["","HealthCheckService","getOverallHealth"],"fullName":" HealthCheckService getOverallHealth deve retornar status não saudável quando algum serviço está falhando","status":"pending","title":"deve retornar status não saudável quando algum serviço está falhando","duration":0,"failureMessages":[]},{"ancestorTitles":["","HealthCheckService","startPeriodicCheck"],"fullName":" HealthCheckService startPeriodicCheck deve iniciar verificações periódicas","status":"pending","title":"deve iniciar verificações periódicas","duration":0,"failureMessages":[]},{"ancestorTitles":["","HealthCheckService","startPeriodicCheck"],"fullName":" HealthCheckService startPeriodicCheck deve parar verificações periódicas","status":"pending","title":"deve parar verificações periódicas","duration":0,"failureMessages":[]},{"ancestorTitles":["","Services Integration"],"fullName":" Services Integration MetricsService e HealthCheckService devem trabalhar juntos","status":"pending","title":"MetricsService e HealthCheckService devem trabalhar juntos","duration":0,"failureMessages":[]}],"startTime":1751573075608,"endTime":1751573075608,"status":"passed","message":"","name":"C:/Users/LUAN MACHADO/Documents/DEV/APLICATIVO ESCOLA MUSICA/smartclass-dashboard-hub/src/tests/unit/services.test.ts"}]}